<?xml version="1.0" encoding="UTF-8"?>
<!-- Generated by org.testng.reporters.JUnitReportReporter -->
<testsuite skipped="0" hostname="DESKTOP-1FSL45Q" name="TestCases.TC01" tests="1" failures="0" timestamp="2022-03-08T13:15:38 IST" time="0.014" errors="0">
  <testcase name="tc01" time="0.014" classname="TestCases.TC01"/>
  <system-out>
    <![CDATA[Test Case 01]]>
  </system-out>
</testsuite> <!-- TestCases.TC01 -->
